<?xml version="1.0" encoding="UTF-8"?>
<!-- Generated by org.testng.reporters.JUnitReportReporter -->
<testsuite skipped="0" hostname="DESKTOP-J0ULSAP" name="com.learnautomation.testcases.LoginCRM" tests="1" failures="0" timestamp="2020-03-20T23:50:17 IST" time="24.983" errors="0">
  <testcase name="loginApp" time="24.983" classname="com.learnautomation.testcases.LoginCRM"/>
  <system-out/>
</testsuite> <!-- com.learnautomation.testcases.LoginCRM -->
