<?xml version="1.0" encoding="UTF-8"?>
<!-- Generated by org.testng.reporters.JUnitReportReporter -->
<testsuite skipped="0" hostname="DESKTOP-J0ULSAP" name="com.learnautomation.testcases.LoginHRM" tests="1" failures="0" timestamp="2020-03-22T06:55:00 IST" time="6.240" errors="0">
  <testcase name="loginApp" time="6.240" classname="com.learnautomation.testcases.LoginHRM"/>
  <system-out/>
</testsuite> <!-- com.learnautomation.testcases.LoginHRM -->
