<?xml version="1.0" encoding="UTF-8"?>
<!-- Generated by org.testng.reporters.JUnitReportReporter -->
<testsuite skipped="0" hostname="DESKTOP-J0ULSAP" name="com.learnautomation.testcases.TC001_LoginHRM" tests="1" failures="0" timestamp="2020-03-22T21:48:45 IST" time="7.464" errors="0">
  <testcase name="loginApp" time="7.464" classname="com.learnautomation.testcases.TC001_LoginHRM"/>
  <system-out/>
</testsuite> <!-- com.learnautomation.testcases.TC001_LoginHRM -->
